<?xml version="1.0" encoding="UTF-8"?>
<!-- Generated by org.testng.reporters.JUnitXMLReporter -->
<testsuite ignored="0" hostname="Lenovo-PC" failures="1" tests="1" name="BankingApp Test" time="22.886" errors="0" timestamp="24 Jun 2020 07:06:34 GMT">
  <testcase classname="com.inetbanking.testCases.TC001_Login" name="loginTest" time="4.318">
    <failure type="junit.framework.AssertionFailedError">
      <![CDATA[junit.framework.AssertionFailedError
at junit.framework.Assert.fail(Assert.java:47)
at junit.framework.Assert.assertTrue(Assert.java:20)
at junit.framework.Assert.assertTrue(Assert.java:27)
at com.inetbanking.testCases.TC001_Login.loginTest(TC001_Login.java:36)
... Removed 25 stack frames]]>
    </failure>
  </testcase> <!-- loginTest -->
</testsuite> <!-- BankingApp Test -->
