<?xml version="1.0" encoding="UTF-8"?>
<testng-results skipped="0" failed="0" ignored="0" total="1" passed="1">
  <reporter-output>
  </reporter-output>
  <suite name="InetBanking" duration-ms="86948" started-at="2020-06-12T12:08:37Z" finished-at="2020-06-12T12:10:04Z">
    <groups>
    </groups>
    <test name="BankingApp Test" duration-ms="86948" started-at="2020-06-12T12:08:37Z" finished-at="2020-06-12T12:10:04Z">
      <class name="com.inetbanking.testCases.TC003_AddCustomer">
        <test-method status="PASS" signature="setup(java.lang.String)[pri:0, instance:com.inetbanking.testCases.TC003_AddCustomer@4667ae56]" name="setup" is-config="true" duration-ms="13170" started-at="2020-06-12T12:08:37Z" finished-at="2020-06-12T12:08:51Z">
          <params>
            <param index="0">
              <value>
                <![CDATA[chrome]]>
              </value>
            </param>
          </params>
          <reporter-output>
          </reporter-output>
        </test-method> <!-- setup -->
        <test-method status="PASS" signature="addNewCustomer()[pri:0, instance:com.inetbanking.testCases.TC003_AddCustomer@4667ae56]" name="addNewCustomer" duration-ms="72321" started-at="2020-06-12T12:08:51Z" finished-at="2020-06-12T12:10:03Z">
          <reporter-output>
          </reporter-output>
        </test-method> <!-- addNewCustomer -->
        <test-method status="PASS" signature="teardown()[pri:0, instance:com.inetbanking.testCases.TC003_AddCustomer@4667ae56]" name="teardown" is-config="true" duration-ms="901" started-at="2020-06-12T12:10:03Z" finished-at="2020-06-12T12:10:04Z">
          <reporter-output>
          </reporter-output>
        </test-method> <!-- teardown -->
      </class> <!-- com.inetbanking.testCases.TC003_AddCustomer -->
    </test> <!-- BankingApp Test -->
  </suite> <!-- InetBanking -->
</testng-results>
